openat(AT_FDCWD, "/etc/ld.so.cache", O_RDONLY|O_CLOEXEC) = 3
mmap(NULL, 78373, PROT_READ, MAP_PRIVATE, 3, 0) = 0x7f677e870000
openat(AT_FDCWD, "/lib/x86_64-linux-gnu/librt.so.1", O_RDONLY|O_CLOEXEC) = 3
read(3, "\177ELF\2\1\1\0\0\0\0\0\0\0\0\0\3\0>\0\1\0\0\0`7\0\0\0\0\0\0"..., 832) = 832
mmap(NULL, 8192, PROT_READ|PROT_WRITE, MAP_PRIVATE|MAP_ANONYMOUS, -1, 0) = 0x7f677e86e000
mmap(NULL, 44000, PROT_READ, MAP_PRIVATE|MAP_DENYWRITE, 3, 0) = 0x7f677e863000
mmap(0x7f677e866000, 16384, PROT_READ|PROT_EXEC, MAP_PRIVATE|MAP_FIXED|MAP_DENYWRITE, 3, 0x3000) = 0x7f677e866000
mmap(0x7f677e86a000, 8192, PROT_READ, MAP_PRIVATE|MAP_FIXED|MAP_DENYWRITE, 3, 0x7000) = 0x7f677e86a000
mmap(0x7f677e86c000, 8192, PROT_READ|PROT_WRITE, MAP_PRIVATE|MAP_FIXED|MAP_DENYWRITE, 3, 0x8000) = 0x7f677e86c000
openat(AT_FDCWD, "/lib/x86_64-linux-gnu/libc.so.6", O_RDONLY|O_CLOEXEC) = 3
read(3, "\177ELF\2\1\1\3\0\0\0\0\0\0\0\0\3\0>\0\1\0\0\0\360\215\2\0\0\0\0\0"..., 832) = 832
mmap(NULL, 2004064, PROT_READ, MAP_PRIVATE|MAP_DENYWRITE, 3, 0) = 0x7f677e679000
mmap(0x7f677e69f000, 1495040, PROT_READ|PROT_EXEC, MAP_PRIVATE|MAP_FIXED|MAP_DENYWRITE, 3, 0x26000) = 0x7f677e69f000
mmap(0x7f677e80c000, 311296, PROT_READ, MAP_PRIVATE|MAP_FIXED|MAP_DENYWRITE, 3, 0x193000) = 0x7f677e80c000
mmap(0x7f677e859000, 24576, PROT_READ|PROT_WRITE, MAP_PRIVATE|MAP_FIXED|MAP_DENYWRITE, 3, 0x1df000) = 0x7f677e859000
mmap(0x7f677e85f000, 13408, PROT_READ|PROT_WRITE, MAP_PRIVATE|MAP_FIXED|MAP_ANONYMOUS, -1, 0) = 0x7f677e85f000
openat(AT_FDCWD, "/lib/x86_64-linux-gnu/libpthread.so.0", O_RDONLY|O_CLOEXEC) = 3
read(3, "\177ELF\2\1\1\0\0\0\0\0\0\0\0\0\3\0>\0\1\0\0\0000\201\0\0\0\0\0\0"..., 832) = 832
mmap(NULL, 136272, PROT_READ, MAP_PRIVATE|MAP_DENYWRITE, 3, 0) = 0x7f677e657000
mmap(0x7f677e65e000, 65536, PROT_READ|PROT_EXEC, MAP_PRIVATE|MAP_FIXED|MAP_DENYWRITE, 3, 0x7000) = 0x7f677e65e000
mmap(0x7f677e66e000, 20480, PROT_READ, MAP_PRIVATE|MAP_FIXED|MAP_DENYWRITE, 3, 0x17000) = 0x7f677e66e000
mmap(0x7f677e673000, 8192, PROT_READ|PROT_WRITE, MAP_PRIVATE|MAP_FIXED|MAP_DENYWRITE, 3, 0x1b000) = 0x7f677e673000
mmap(0x7f677e675000, 13392, PROT_READ|PROT_WRITE, MAP_PRIVATE|MAP_FIXED|MAP_ANONYMOUS, -1, 0) = 0x7f677e675000
mmap(NULL, 12288, PROT_READ|PROT_WRITE, MAP_PRIVATE|MAP_ANONYMOUS, -1, 0) = 0x7f677e654000
openat(AT_FDCWD, "REQ_PIPE_87771", O_RDONLY) = 3
openat(AT_FDCWD, "RESP_PIPE_87771", O_WRONLY) = 4
read(3, "\n", 1)                        = 1
read(3, "CREATE_SHM", 10)               = 10
read(3, "\267\213\37\0", 4)             = 4
openat(AT_FDCWD, "/dev/shm/qAzAGwAu", O_RDWR|O_CREAT|O_NOFOLLOW|O_CLOEXEC, 0664) = 5
mmap(NULL, 2067383, PROT_READ|PROT_WRITE, MAP_SHARED, 5, 0) = 0x7f677e45b000
read(3, "\10", 1)                       = 1
read(3, "MAP_FILE", 8)                  = 8
read(3, "\30", 1)                       = 1
read(3, "test_root/yz65NqNiJ0.AcK", 24) = 24
openat(AT_FDCWD, "test_root/yz65NqNiJ0.AcK", O_RDONLY) = 6
mmap(NULL, 47768, PROT_READ, MAP_SHARED, 6, 0) = 0x7f677e878000
read(3, "\36", 1)                       = 1
read(3, "READ_FROM_LOGICAL_SPACE_OFFSET", 30) = 30
+++ exited with 0 +++
